<?xml version="1.0" encoding="UTF-8"?>
<!-- Generated by org.testng.reporters.JUnitReportReporter -->
<testsuite hostname="DESKTOP-59FMM7T" failures="0" tests="1" name="jenkins.Testcase3" time="0.008" errors="0" timestamp="2022-12-05T17:18:45 IST" skipped="0">
  <testcase classname="jenkins.Testcase3" name="tc3" time="0.008"/>
  <system-out>
    <![CDATA[Hello Java]]>
  </system-out>
</testsuite> <!-- jenkins.Testcase3 -->
