<?xml version="1.0" encoding="UTF-8"?>
<!-- Generated by org.testng.reporters.JUnitReportReporter -->
<testsuite hostname="DESKTOP-59FMM7T" failures="0" tests="1" name="jenkins.Testcase4" time="0.069" errors="0" timestamp="2022-12-05T17:18:45 IST" skipped="0">
  <testcase classname="jenkins.Testcase4" name="tc4" time="0.069"/>
  <system-out>
    <![CDATA[Hello API]]>
  </system-out>
</testsuite> <!-- jenkins.Testcase4 -->
